Performing C SOURCE FILE Test CMAKE_HAVE_LIBC_PTHREAD failed with the following output:
Change Dir: /mnt/extra_space/ztx/Matrix-SPDZ/VOLE/build/CMakeFiles/CMakeTmp

Run Build Command(s):/usr/bin/make -f Makefile cmTC_89bda/fast && /usr/bin/make  -f CMakeFiles/cmTC_89bda.dir/build.make CMakeFiles/cmTC_89bda.dir/build
make[1]: 进入目录“/mnt/extra_space/ztx/Matrix-SPDZ/VOLE/build/CMakeFiles/CMakeTmp”
Building C object CMakeFiles/cmTC_89bda.dir/src.c.o
/usr/bin/cc -DCMAKE_HAVE_LIBC_PTHREAD   -o CMakeFiles/cmTC_89bda.dir/src.c.o -c /mnt/extra_space/ztx/Matrix-SPDZ/VOLE/build/CMakeFiles/CMakeTmp/src.c
Linking C executable cmTC_89bda
/home/anaconda3/lib/python3.9/site-packages/cmake/data/bin/cmake -E cmake_link_script CMakeFiles/cmTC_89bda.dir/link.txt --verbose=1
/usr/bin/cc CMakeFiles/cmTC_89bda.dir/src.c.o -o cmTC_89bda 
/usr/bin/ld: CMakeFiles/cmTC_89bda.dir/src.c.o: in function `main':
src.c:(.text+0x3e): undefined reference to `pthread_create'
/usr/bin/ld: src.c:(.text+0x4a): undefined reference to `pthread_detach'
/usr/bin/ld: src.c:(.text+0x56): undefined reference to `pthread_cancel'
/usr/bin/ld: src.c:(.text+0x67): undefined reference to `pthread_join'
collect2: error: ld returned 1 exit status
make[1]: *** [CMakeFiles/cmTC_89bda.dir/build.make:99：cmTC_89bda] 错误 1
make[1]: 离开目录“/mnt/extra_space/ztx/Matrix-SPDZ/VOLE/build/CMakeFiles/CMakeTmp”
make: *** [Makefile:127：cmTC_89bda/fast] 错误 2


Source file was:
#include <pthread.h>

static void* test_func(void* data)
{
  return data;
}

int main(void)
{
  pthread_t thread;
  pthread_create(&thread, NULL, test_func, NULL);
  pthread_detach(thread);
  pthread_cancel(thread);
  pthread_join(thread, NULL);
  pthread_atfork(NULL, NULL, NULL);
  pthread_exit(NULL);

  return 0;
}

Determining if the function pthread_create exists in the pthreads failed with the following output:
Change Dir: /mnt/extra_space/ztx/Matrix-SPDZ/VOLE/build/CMakeFiles/CMakeTmp

Run Build Command(s):/usr/bin/make -f Makefile cmTC_7f601/fast && /usr/bin/make  -f CMakeFiles/cmTC_7f601.dir/build.make CMakeFiles/cmTC_7f601.dir/build
make[1]: 进入目录“/mnt/extra_space/ztx/Matrix-SPDZ/VOLE/build/CMakeFiles/CMakeTmp”
Building C object CMakeFiles/cmTC_7f601.dir/CheckFunctionExists.c.o
/usr/bin/cc   -DCHECK_FUNCTION_EXISTS=pthread_create -o CMakeFiles/cmTC_7f601.dir/CheckFunctionExists.c.o -c /home/anaconda3/lib/python3.9/site-packages/cmake/data/share/cmake-3.21/Modules/CheckFunctionExists.c
Linking C executable cmTC_7f601
/home/anaconda3/lib/python3.9/site-packages/cmake/data/bin/cmake -E cmake_link_script CMakeFiles/cmTC_7f601.dir/link.txt --verbose=1
/usr/bin/cc  -DCHECK_FUNCTION_EXISTS=pthread_create CMakeFiles/cmTC_7f601.dir/CheckFunctionExists.c.o -o cmTC_7f601  -lpthreads 
/usr/bin/ld: 找不到 -lpthreads
collect2: error: ld returned 1 exit status
make[1]: *** [CMakeFiles/cmTC_7f601.dir/build.make:99：cmTC_7f601] 错误 1
make[1]: 离开目录“/mnt/extra_space/ztx/Matrix-SPDZ/VOLE/build/CMakeFiles/CMakeTmp”
make: *** [Makefile:127：cmTC_7f601/fast] 错误 2



